<?xml version="1.0" encoding="utf-8"?>
<testsuite name="memory-quality" tests="18" failures="0" time="3.621161"><testcase classname="identity" name="identity_same_fact" /><testcase classname="identity" name="group_isolation" /><testcase classname="third_party" name="third_party_mention" /><testcase classname="identity" name="unknown_subject" /><testcase classname="extraction" name="evidence_mismatch" /><testcase classname="privacy" name="bot_outbound_blank" /><testcase classname="extraction" name="interaction_preference" /><testcase classname="extraction" name="explicit_memory" /><testcase classname="idempotency" name="idempotent_evidence" /><testcase classname="correction" name="correction_chain" /><testcase classname="conflict" name="contested_excluded" /><testcase classname="temporal" name="expired_excluded" /><testcase classname="retrieval" name="lexical_retrieval" /><testcase classname="retrieval" name="short_query" /><testcase classname="retrieval" name="semantic_retrieval" /><testcase classname="retrieval" name="empty_query" /><testcase classname="context" name="person_group_isolation" /><testcase classname="rebuild" name="historical_guard" /></testsuite>